<?xml version="1.0" encoding="UTF-8"?>
<!-- Generated by org.testng.reporters.JUnitXMLReporter -->
<testsuite ignored="0" hostname="Sudhakar" failures="0" tests="7" name="mytest" time="17.443" errors="0" timestamp="2024-12-12T13:50:51 IST">
  <testcase classname="Day42.FirstTestCase" name="openapp" time="0.018"/>
  <testcase classname="Day42.FirstTestCase" name="login" time="0.004"/>
  <testcase classname="Day42.FirstTestCase" name="logout" time="0.003"/>
  <testcase classname="Day42.OrangeHRM" name="openapp" time="8.453"/>
  <testcase classname="Day42.OrangeHRM" name="testlogo" time="5.069"/>
  <testcase classname="Day42.OrangeHRM" name="login" time="3.463"/>
  <testcase classname="Day42.OrangeHRM" name="closeapp" time="0.323"/>
</testsuite> <!-- mytest -->
