<?xml version="1.0" encoding="UTF-8"?>
<!-- Generated by org.testng.reporters.JUnitXMLReporter -->
<testsuite ignored="0" hostname="Sudhakar" failures="0" tests="8" name="groupingtest" time="0.143" errors="0" timestamp="2024-12-13T14:15:59 IST">
  <testcase classname="Day44.logintest" name="loginbyemail" time="0.021"/>
  <testcase classname="Day44.logintest" name="loginbyfacebook" time="0.002"/>
  <testcase classname="Day44.logintest" name="loginbytwitter" time="0.003"/>
  <testcase classname="Day44.signuptest" name="signupbyemail" time="0.002"/>
  <testcase classname="Day44.signuptest" name="signupbyfacebook" time="0.003"/>
  <testcase classname="Day44.signuptest" name="signupbytwitter" time="0.001"/>
  <testcase classname="Day44.paymenttest" name="paymentinRupees" time="0.001"/>
  <testcase classname="Day44.paymenttest" name="paymentindollers" time="0.002"/>
</testsuite> <!-- groupingtest -->
