<?xml version="1.0" encoding="UTF-8"?>
<!-- Generated by org.testng.reporters.JUnitXMLReporter -->
<testsuite ignored="0" hostname="Sudhakar" failures="0" tests="7" name="Test" time="21.033" errors="0" timestamp="2024-12-30T11:47:04 IST">
  <testcase classname="Day42.OrangeHRM" name="openapp" time="10.535"/>
  <testcase classname="Day42.OrangeHRM" name="testlogo" time="5.083"/>
  <testcase classname="Day42.OrangeHRM" name="login" time="5.058"/>
  <testcase classname="Day42.OrangeHRM" name="closeapp" time="0.267"/>
  <testcase classname="Day42.FirstTestCase" name="openapp" time="0.0"/>
  <testcase classname="Day42.FirstTestCase" name="login" time="0.0"/>
  <testcase classname="Day42.FirstTestCase" name="logout" time="0.0"/>
</testsuite> <!-- Test -->
