<?xml version="1.0" encoding="UTF-8"?>
<testng-results ignored="0" total="7" passed="7" failed="0" skipped="0">
  <reporter-output>
  </reporter-output>
  <suite started-at="2024-12-30T11:46:43 IST" name="Suite" finished-at="2024-12-30T11:47:04 IST" duration-ms="21033">
    <groups>
    </groups>
    <test started-at="2024-12-30T11:46:43 IST" name="Test" finished-at="2024-12-30T11:47:04 IST" duration-ms="21033">
      <class name="Day42.OrangeHRM">
        <test-method signature="openapp()[pri:1, instance:Day42.OrangeHRM@333291e3]" started-at="2024-12-30T11:46:43 IST" name="openapp" finished-at="2024-12-30T11:46:54 IST" duration-ms="10535" status="PASS">
          <reporter-output>
          </reporter-output>
        </test-method> <!-- openapp -->
        <test-method signature="testlogo()[pri:2, instance:Day42.OrangeHRM@333291e3]" started-at="2024-12-30T11:46:54 IST" name="testlogo" finished-at="2024-12-30T11:46:59 IST" duration-ms="5083" status="PASS">
          <reporter-output>
          </reporter-output>
        </test-method> <!-- testlogo -->
        <test-method signature="login()[pri:3, instance:Day42.OrangeHRM@333291e3]" started-at="2024-12-30T11:46:59 IST" name="login" finished-at="2024-12-30T11:47:04 IST" duration-ms="5058" status="PASS">
          <reporter-output>
          </reporter-output>
        </test-method> <!-- login -->
        <test-method signature="closeapp()[pri:4, instance:Day42.OrangeHRM@333291e3]" started-at="2024-12-30T11:47:04 IST" name="closeapp" finished-at="2024-12-30T11:47:04 IST" duration-ms="267" status="PASS">
          <reporter-output>
          </reporter-output>
        </test-method> <!-- closeapp -->
      </class> <!-- Day42.OrangeHRM -->
      <class name="Day42.FirstTestCase">
        <test-method signature="openapp()[pri:1, instance:Day42.FirstTestCase@f5ac9e4]" started-at="2024-12-30T11:47:04 IST" name="openapp" finished-at="2024-12-30T11:47:04 IST" duration-ms="0" status="PASS">
          <reporter-output>
          </reporter-output>
        </test-method> <!-- openapp -->
        <test-method signature="login()[pri:2, instance:Day42.FirstTestCase@f5ac9e4]" started-at="2024-12-30T11:47:04 IST" name="login" finished-at="2024-12-30T11:47:04 IST" duration-ms="0" status="PASS">
          <reporter-output>
          </reporter-output>
        </test-method> <!-- login -->
        <test-method signature="logout()[pri:3, instance:Day42.FirstTestCase@f5ac9e4]" started-at="2024-12-30T11:47:04 IST" name="logout" finished-at="2024-12-30T11:47:04 IST" duration-ms="0" status="PASS">
          <reporter-output>
          </reporter-output>
        </test-method> <!-- logout -->
      </class> <!-- Day42.FirstTestCase -->
    </test> <!-- Test -->
  </suite> <!-- Suite -->
</testng-results>
